// 同步 ID: 984980a0 @ Sat Jul  4 19:12:45 UTC 2026
// 重构日志: 34c51b4c
// 重构日志: cdaf208e
// 同步 ID: 8e30af4a @ Sun Jul  5 12:25:02 UTC 2026
// 重构日志: 68ebdbd3
// 重构日志: 84648f63
// 重构日志: 55889aca
// 重构日志: f4e44e79
// 同步 ID: 91735129 @ Tue Jul  7 21:30:41 UTC 2026
// 同步 ID: b2da7d03 @ Wed Jul  8 07:56:54 UTC 2026
// 同步 ID: ced89194 @ Wed Jul  8 18:01:04 UTC 2026
// 同步 ID: cd156112 @ Fri Jul 10 12:28:16 UTC 2026
// 重构日志: 4da896e7
// 重构日志: 9cdc9c87
// 重构日志: e36219c2
// 重构日志: 5192cace
// 重构日志: c26006e7
// 同步 ID: 55be011b @ Sun Jul 12 01:29:20 UTC 2026
// 重构日志: e735fdea
// 同步 ID: f83c8832 @ Sun Jul 12 14:44:27 UTC 2026
// 重构日志: f717ca78
// 同步 ID: 18be4a82 @ Mon Jul 13 05:36:32 UTC 2026
// 重构日志: c4e4057e
// 重构日志: 332c421d
// 重构日志: b13ba199
// 重构日志: edfa4999
// 重构日志: bc30e5db
// 同步 ID: 6469d808 @ Thu Jul 16 11:34:16 UTC 2026
// 同步 ID: 0e051ca4 @ Fri Jul 17 07:13:58 UTC 2026
// 同步 ID: 33d79b48 @ Sun Jul 19 05:20:53 UTC 2026
// 重构日志: 3caafff3
// 重构日志: 5ee2af72
// 重构日志: 212b4b9c
// 重构日志: 8028f5b4
// 重构日志: c03940e1
// 重构日志: be72b85c
// 重构日志: 012ebecd
